<?xml version="1.0" encoding="UTF-8"?>
<!-- Generated by org.testng.reporters.JUnitReportReporter -->
<testsuite hostname="DESKTOP-36MJOC5" failures="0" tests="2" name="testcases.verifyLoginFunctionality" time="3.261" errors="0" timestamp="2023-03-01T14:05:14 IST" skipped="0">
  <testcase classname="testcases.verifyLoginFunctionality" name="TC01" time="2.666"/>
  <system-out/>
  <testcase classname="testcases.verifyLoginFunctionality" name="TC02" time="0.595"/>
  <system-out/>
</testsuite> <!-- testcases.verifyLoginFunctionality -->
