<?xml version="1.0" encoding="UTF-8"?>
<!-- Generated by org.testng.reporters.JUnitReportReporter -->
<testsuite hostname="DESKTOP-36MJOC5" failures="0" tests="1" name="testcases.TC001" time="3.015" errors="0" timestamp="2023-03-01T12:50:52 IST" skipped="0">
  <testcase classname="testcases.TC001" name="case1" time="3.015"/>
  <system-out/>
</testsuite> <!-- testcases.TC001 -->
